[INFO ] 2020-11-08 16:17:31.593 [main] Log - yohas been added to our system.
[INFO ] 2020-11-08 16:17:31.597 [main] Log - hihas been added to our system and your account with us is currently pending. 	Please return in 2 - 3 business days to check and see if your account with us was approved. 	Please have a great day, you will now be redirected to the main menu.
[INFO ] 2020-11-08 16:27:14.643 [main] Log - hihas been added to our system.
[INFO ] 2020-11-08 16:27:14.646 [main] Log - hihas been added to our system.
[INFO ] 2020-11-08 16:27:14.647 [main] Log - johas been added to our system.
[INFO ] 2020-11-08 16:36:57.452 [main] Log - hu has been added to our system.
[INFO ] 2020-11-08 16:36:57.455 [main] Log - huhas been added to our system.
[INFO ] 2020-11-08 16:36:57.455 [main] Log - ji has been added to our system.
[INFO ] 2020-11-08 16:41:45.800 [main] Log - tg has been added to our system.
[INFO ] 2020-11-08 16:41:45.803 [main] Log - tghas been added to our system.
[INFO ] 2020-11-08 16:41:45.803 [main] Log - ty has been added to our system.
[INFO ] 2020-11-08 16:41:45.805 [main] Log - Your account has been added to our pending account queue.
[INFO ] 2020-11-08 16:41:45.805 [main] Log - Your account with us has been created is currently pending.
[INFO ] 2020-11-08 19:05:24.980 [main] Log - Mo Mo has been added to our system.
[INFO ] 2020-11-08 19:05:24.985 [main] Log - Jo Jo has been added to our system.
[INFO ] 2020-11-08 19:05:24.991 [main] Log - Your account has been added to our pending account queue.
[INFO ] 2020-11-08 19:05:24.991 [main] Log - Your account with us has been created is currently pending.
[INFO ] 2020-11-08 19:12:44.700 [main] Log - To To has been added to our system.
[INFO ] 2020-11-08 19:12:44.706 [main] Log - Your account has been added to our pending account queue.
[INFO ] 2020-11-08 19:12:44.707 [main] Log - Your account with us has been created is currently pending.
[INFO ] 2020-11-08 19:20:02.690 [main] Log - yo yo has been added to our system.
[INFO ] 2020-11-08 19:20:02.696 [main] Log - Your account has been added to our pending account queue.
[INFO ] 2020-11-08 19:20:02.696 [main] Log - Your account with us has been created is currently pending.
[INFO ] 2020-11-08 19:23:41.346 [main] Log - oh oh has been added to our system.
[INFO ] 2020-11-08 19:23:41.352 [main] Log - Your account has been added to our pending account queue.
[INFO ] 2020-11-08 19:23:41.353 [main] Log - Your account with us has been created is currently pending.
[INFO ] 2020-11-08 19:29:55.151 [main] Log - lo lo has been added to our system.
[INFO ] 2020-11-08 19:29:55.157 [main] Log - Your account has been added to our pending account queue.
[INFO ] 2020-11-08 19:29:55.157 [main] Log - Your account with us has been created is currently pending.
[INFO ] 2020-11-08 19:32:59.096 [main] Log - sdf has been added to our system.
[INFO ] 2020-11-08 19:32:59.102 [main] Log - Your account has been added to our pending account queue.
[INFO ] 2020-11-08 19:32:59.102 [main] Log - Your account with us has been created is currently pending.
[INFO ] 2020-11-08 19:34:11.078 [main] Log - fgh has been added to our system.
[INFO ] 2020-11-08 19:34:11.084 [main] Log - Your account has been added to our pending account queue.
[INFO ] 2020-11-08 19:34:11.084 [main] Log - Your account with us has been created is currently pending.
[INFO ] 2020-11-08 19:54:51.297 [main] Log - tyu has been added to our system.
[INFO ] 2020-11-08 19:54:51.303 [main] Log - Your account has been added to our pending account queue.
[INFO ] 2020-11-08 19:54:51.304 [main] Log - Your account with us has been created is currently pending.
[INFO ] 2020-11-08 19:57:33.658 [main] Log - wec has been added to our system.
[INFO ] 2020-11-08 19:57:33.664 [main] Log - Your account has been added to our pending account queue.
[INFO ] 2020-11-08 19:57:33.664 [main] Log - Your account with us has been created is currently pending.
